<?xml version="1.0" encoding="UTF-8"?>
<testsuite xmlns:xsi="http://www.w3.org/2001/XMLSchema-instance" xsi:noNamespaceSchemaLocation="https://maven.apache.org/surefire/maven-surefire-plugin/xsd/surefire-test-report.xsd" name="com.example.readingisgood.services.BookServiceTest" time="0.106" tests="7" errors="0" skipped="0" failures="0">
  <properties>
    <property name="gopherProxySet" value="false"/>
    <property name="awt.toolkit" value="sun.lwawt.macosx.LWCToolkit"/>
    <property name="java.specification.version" value="11"/>
    <property name="sun.cpu.isalist" value=""/>
    <property name="sun.jnu.encoding" value="UTF-8"/>
    <property name="java.class.path" value="/Users/serhatakdeniz/Projects/gdemo/reading-is-good/target/test-classes:/Users/serhatakdeniz/Projects/gdemo/reading-is-good/target/classes:/Users/serhatakdeniz/.m2/repository/org/mockito/mockito-inline/4.1.0/mockito-inline-4.1.0.jar:/Users/serhatakdeniz/.m2/repository/org/mockito/mockito-core/4.0.0/mockito-core-4.0.0.jar:/Users/serhatakdeniz/.m2/repository/net/bytebuddy/byte-buddy/1.11.22/byte-buddy-1.11.22.jar:/Users/serhatakdeniz/.m2/repository/net/bytebuddy/byte-buddy-agent/1.11.22/byte-buddy-agent-1.11.22.jar:/Users/serhatakdeniz/.m2/repository/org/objenesis/objenesis/3.2/objenesis-3.2.jar:/Users/serhatakdeniz/.m2/repository/org/springframework/boot/spring-boot-configuration-processor/2.6.1/spring-boot-configuration-processor-2.6.1.jar:/Users/serhatakdeniz/.m2/repository/org/springframework/boot/spring-boot-starter-actuator/2.6.1/spring-boot-starter-actuator-2.6.1.jar:/Users/serhatakdeniz/.m2/repository/org/springframework/boot/spring-boot-starter/2.6.1/spring-boot-starter-2.6.1.jar:/Users/serhatakdeniz/.m2/repository/org/springframework/boot/spring-boot-starter-logging/2.6.1/spring-boot-starter-logging-2.6.1.jar:/Users/serhatakdeniz/.m2/repository/ch/qos/logback/logback-classic/1.2.7/logback-classic-1.2.7.jar:/Users/serhatakdeniz/.m2/repository/ch/qos/logback/logback-core/1.2.7/logback-core-1.2.7.jar:/Users/serhatakdeniz/.m2/repository/org/apache/logging/log4j/log4j-to-slf4j/2.14.1/log4j-to-slf4j-2.14.1.jar:/Users/serhatakdeniz/.m2/repository/org/apache/logging/log4j/log4j-api/2.14.1/log4j-api-2.14.1.jar:/Users/serhatakdeniz/.m2/repository/org/slf4j/jul-to-slf4j/1.7.32/jul-to-slf4j-1.7.32.jar:/Users/serhatakdeniz/.m2/repository/jakarta/annotation/jakarta.annotation-api/1.3.5/jakarta.annotation-api-1.3.5.jar:/Users/serhatakdeniz/.m2/repository/org/yaml/snakeyaml/1.29/snakeyaml-1.29.jar:/Users/serhatakdeniz/.m2/repository/org/springframework/boot/spring-boot-actuator-autoconfigure/2.6.1/spring-boot-actuator-autoconfigure-2.6.1.jar:/Users/serhatakdeniz/.m2/repository/org/springframework/boot/spring-boot-actuator/2.6.1/spring-boot-actuator-2.6.1.jar:/Users/serhatakdeniz/.m2/repository/com/fasterxml/jackson/datatype/jackson-datatype-jsr310/2.13.0/jackson-datatype-jsr310-2.13.0.jar:/Users/serhatakdeniz/.m2/repository/io/micrometer/micrometer-core/1.8.0/micrometer-core-1.8.0.jar:/Users/serhatakdeniz/.m2/repository/org/hdrhistogram/HdrHistogram/2.1.12/HdrHistogram-2.1.12.jar:/Users/serhatakdeniz/.m2/repository/org/latencyutils/LatencyUtils/2.0.3/LatencyUtils-2.0.3.jar:/Users/serhatakdeniz/.m2/repository/org/springframework/boot/spring-boot-starter-data-mongodb/2.6.1/spring-boot-starter-data-mongodb-2.6.1.jar:/Users/serhatakdeniz/.m2/repository/org/mongodb/mongodb-driver-sync/4.4.0/mongodb-driver-sync-4.4.0.jar:/Users/serhatakdeniz/.m2/repository/org/mongodb/bson/4.4.0/bson-4.4.0.jar:/Users/serhatakdeniz/.m2/repository/org/mongodb/mongodb-driver-core/4.4.0/mongodb-driver-core-4.4.0.jar:/Users/serhatakdeniz/.m2/repository/org/springframework/data/spring-data-mongodb/3.3.0/spring-data-mongodb-3.3.0.jar:/Users/serhatakdeniz/.m2/repository/org/springframework/spring-tx/5.3.13/spring-tx-5.3.13.jar:/Users/serhatakdeniz/.m2/repository/org/springframework/spring-context/5.3.13/spring-context-5.3.13.jar:/Users/serhatakdeniz/.m2/repository/org/springframework/spring-beans/5.3.13/spring-beans-5.3.13.jar:/Users/serhatakdeniz/.m2/repository/org/springframework/spring-expression/5.3.13/spring-expression-5.3.13.jar:/Users/serhatakdeniz/.m2/repository/org/springframework/data/spring-data-commons/2.6.0/spring-data-commons-2.6.0.jar:/Users/serhatakdeniz/.m2/repository/org/slf4j/slf4j-api/1.7.32/slf4j-api-1.7.32.jar:/Users/serhatakdeniz/.m2/repository/org/springframework/boot/spring-boot-starter-security/2.6.1/spring-boot-starter-security-2.6.1.jar:/Users/serhatakdeniz/.m2/repository/org/springframework/spring-aop/5.3.13/spring-aop-5.3.13.jar:/Users/serhatakdeniz/.m2/repository/org/springframework/security/spring-security-config/5.6.0/spring-security-config-5.6.0.jar:/Users/serhatakdeniz/.m2/repository/org/springframework/security/spring-security-web/5.6.0/spring-security-web-5.6.0.jar:/Users/serhatakdeniz/.m2/repository/io/jsonwebtoken/jjwt/0.9.1/jjwt-0.9.1.jar:/Users/serhatakdeniz/.m2/repository/com/fasterxml/jackson/core/jackson-databind/2.13.0/jackson-databind-2.13.0.jar:/Users/serhatakdeniz/.m2/repository/com/fasterxml/jackson/core/jackson-annotations/2.13.0/jackson-annotations-2.13.0.jar:/Users/serhatakdeniz/.m2/repository/com/fasterxml/jackson/core/jackson-core/2.13.0/jackson-core-2.13.0.jar:/Users/serhatakdeniz/.m2/repository/org/springframework/boot/spring-boot-starter-web/2.6.1/spring-boot-starter-web-2.6.1.jar:/Users/serhatakdeniz/.m2/repository/org/springframework/boot/spring-boot-starter-json/2.6.1/spring-boot-starter-json-2.6.1.jar:/Users/serhatakdeniz/.m2/repository/com/fasterxml/jackson/datatype/jackson-datatype-jdk8/2.13.0/jackson-datatype-jdk8-2.13.0.jar:/Users/serhatakdeniz/.m2/repository/com/fasterxml/jackson/module/jackson-module-parameter-names/2.13.0/jackson-module-parameter-names-2.13.0.jar:/Users/serhatakdeniz/.m2/repository/org/springframework/boot/spring-boot-starter-tomcat/2.6.1/spring-boot-starter-tomcat-2.6.1.jar:/Users/serhatakdeniz/.m2/repository/org/apache/tomcat/embed/tomcat-embed-core/9.0.55/tomcat-embed-core-9.0.55.jar:/Users/serhatakdeniz/.m2/repository/org/apache/tomcat/embed/tomcat-embed-websocket/9.0.55/tomcat-embed-websocket-9.0.55.jar:/Users/serhatakdeniz/.m2/repository/org/springframework/spring-web/5.3.13/spring-web-5.3.13.jar:/Users/serhatakdeniz/.m2/repository/org/springframework/spring-webmvc/5.3.13/spring-webmvc-5.3.13.jar:/Users/serhatakdeniz/.m2/repository/org/springframework/boot/spring-boot-devtools/2.6.1/spring-boot-devtools-2.6.1.jar:/Users/serhatakdeniz/.m2/repository/org/springframework/boot/spring-boot/2.6.1/spring-boot-2.6.1.jar:/Users/serhatakdeniz/.m2/repository/org/springframework/boot/spring-boot-autoconfigure/2.6.1/spring-boot-autoconfigure-2.6.1.jar:/Users/serhatakdeniz/.m2/repository/org/springframework/boot/spring-boot-starter-validation/2.6.1/spring-boot-starter-validation-2.6.1.jar:/Users/serhatakdeniz/.m2/repository/org/apache/tomcat/embed/tomcat-embed-el/9.0.55/tomcat-embed-el-9.0.55.jar:/Users/serhatakdeniz/.m2/repository/org/hibernate/validator/hibernate-validator/6.2.0.Final/hibernate-validator-6.2.0.Final.jar:/Users/serhatakdeniz/.m2/repository/jakarta/validation/jakarta.validation-api/2.0.2/jakarta.validation-api-2.0.2.jar:/Users/serhatakdeniz/.m2/repository/org/jboss/logging/jboss-logging/3.4.2.Final/jboss-logging-3.4.2.Final.jar:/Users/serhatakdeniz/.m2/repository/com/fasterxml/classmate/1.5.1/classmate-1.5.1.jar:/Users/serhatakdeniz/.m2/repository/org/projectlombok/lombok/1.18.22/lombok-1.18.22.jar:/Users/serhatakdeniz/.m2/repository/org/springframework/boot/spring-boot-starter-test/2.6.1/spring-boot-starter-test-2.6.1.jar:/Users/serhatakdeniz/.m2/repository/org/springframework/boot/spring-boot-test/2.6.1/spring-boot-test-2.6.1.jar:/Users/serhatakdeniz/.m2/repository/org/springframework/boot/spring-boot-test-autoconfigure/2.6.1/spring-boot-test-autoconfigure-2.6.1.jar:/Users/serhatakdeniz/.m2/repository/com/jayway/jsonpath/json-path/2.6.0/json-path-2.6.0.jar:/Users/serhatakdeniz/.m2/repository/net/minidev/json-smart/2.4.7/json-smart-2.4.7.jar:/Users/serhatakdeniz/.m2/repository/net/minidev/accessors-smart/2.4.7/accessors-smart-2.4.7.jar:/Users/serhatakdeniz/.m2/repository/org/ow2/asm/asm/9.1/asm-9.1.jar:/Users/serhatakdeniz/.m2/repository/jakarta/xml/bind/jakarta.xml.bind-api/2.3.3/jakarta.xml.bind-api-2.3.3.jar:/Users/serhatakdeniz/.m2/repository/jakarta/activation/jakarta.activation-api/1.2.2/jakarta.activation-api-1.2.2.jar:/Users/serhatakdeniz/.m2/repository/org/assertj/assertj-core/3.21.0/assertj-core-3.21.0.jar:/Users/serhatakdeniz/.m2/repository/org/hamcrest/hamcrest/2.2/hamcrest-2.2.jar:/Users/serhatakdeniz/.m2/repository/org/junit/jupiter/junit-jupiter/5.8.1/junit-jupiter-5.8.1.jar:/Users/serhatakdeniz/.m2/repository/org/junit/jupiter/junit-jupiter-api/5.8.1/junit-jupiter-api-5.8.1.jar:/Users/serhatakdeniz/.m2/repository/org/opentest4j/opentest4j/1.2.0/opentest4j-1.2.0.jar:/Users/serhatakdeniz/.m2/repository/org/junit/platform/junit-platform-commons/1.8.1/junit-platform-commons-1.8.1.jar:/Users/serhatakdeniz/.m2/repository/org/apiguardian/apiguardian-api/1.1.2/apiguardian-api-1.1.2.jar:/Users/serhatakdeniz/.m2/repository/org/junit/jupiter/junit-jupiter-params/5.8.1/junit-jupiter-params-5.8.1.jar:/Users/serhatakdeniz/.m2/repository/org/junit/jupiter/junit-jupiter-engine/5.8.1/junit-jupiter-engine-5.8.1.jar:/Users/serhatakdeniz/.m2/repository/org/junit/platform/junit-platform-engine/1.8.1/junit-platform-engine-1.8.1.jar:/Users/serhatakdeniz/.m2/repository/org/mockito/mockito-junit-jupiter/4.0.0/mockito-junit-jupiter-4.0.0.jar:/Users/serhatakdeniz/.m2/repository/org/skyscreamer/jsonassert/1.5.0/jsonassert-1.5.0.jar:/Users/serhatakdeniz/.m2/repository/com/vaadin/external/google/android-json/0.0.20131108.vaadin1/android-json-0.0.20131108.vaadin1.jar:/Users/serhatakdeniz/.m2/repository/org/springframework/spring-core/5.3.13/spring-core-5.3.13.jar:/Users/serhatakdeniz/.m2/repository/org/springframework/spring-jcl/5.3.13/spring-jcl-5.3.13.jar:/Users/serhatakdeniz/.m2/repository/org/springframework/spring-test/5.3.13/spring-test-5.3.13.jar:/Users/serhatakdeniz/.m2/repository/org/xmlunit/xmlunit-core/2.8.3/xmlunit-core-2.8.3.jar:/Users/serhatakdeniz/.m2/repository/org/springframework/security/spring-security-test/5.6.0/spring-security-test-5.6.0.jar:/Users/serhatakdeniz/.m2/repository/org/springframework/security/spring-security-core/5.6.0/spring-security-core-5.6.0.jar:/Users/serhatakdeniz/.m2/repository/org/springframework/security/spring-security-crypto/5.6.0/spring-security-crypto-5.6.0.jar:/Users/serhatakdeniz/.m2/repository/org/springdoc/springdoc-openapi-ui/1.5.12/springdoc-openapi-ui-1.5.12.jar:/Users/serhatakdeniz/.m2/repository/org/springdoc/springdoc-openapi-webmvc-core/1.5.12/springdoc-openapi-webmvc-core-1.5.12.jar:/Users/serhatakdeniz/.m2/repository/org/springdoc/springdoc-openapi-common/1.5.12/springdoc-openapi-common-1.5.12.jar:/Users/serhatakdeniz/.m2/repository/io/swagger/core/v3/swagger-models/2.1.11/swagger-models-2.1.11.jar:/Users/serhatakdeniz/.m2/repository/io/swagger/core/v3/swagger-annotations/2.1.11/swagger-annotations-2.1.11.jar:/Users/serhatakdeniz/.m2/repository/io/swagger/core/v3/swagger-integration/2.1.11/swagger-integration-2.1.11.jar:/Users/serhatakdeniz/.m2/repository/io/swagger/core/v3/swagger-core/2.1.11/swagger-core-2.1.11.jar:/Users/serhatakdeniz/.m2/repository/com/fasterxml/jackson/dataformat/jackson-dataformat-yaml/2.13.0/jackson-dataformat-yaml-2.13.0.jar:/Users/serhatakdeniz/.m2/repository/io/github/classgraph/classgraph/4.8.116/classgraph-4.8.116.jar:/Users/serhatakdeniz/.m2/repository/org/apache/commons/commons-lang3/3.12.0/commons-lang3-3.12.0.jar:/Users/serhatakdeniz/.m2/repository/org/webjars/swagger-ui/3.52.5/swagger-ui-3.52.5.jar:/Users/serhatakdeniz/.m2/repository/org/webjars/webjars-locator-core/0.48/webjars-locator-core-0.48.jar:/Users/serhatakdeniz/.m2/repository/org/modelmapper/modelmapper/2.3.5/modelmapper-2.3.5.jar:"/>
    <property name="java.vm.vendor" value="AdoptOpenJDK"/>
    <property name="sun.arch.data.model" value="64"/>
    <property name="java.vendor.url" value="https://adoptopenjdk.net/"/>
    <property name="user.timezone" value=""/>
    <property name="java.vm.specification.version" value="11"/>
    <property name="os.name" value="Mac OS X"/>
    <property name="sun.java.launcher" value="SUN_STANDARD"/>
    <property name="user.country" value="TR"/>
    <property name="sun.boot.library.path" value="/Users/serhatakdeniz/Library/Java/JavaVirtualMachines/adopt-openjdk-11.0.11/Contents/Home/lib"/>
    <property name="sun.java.command" value="/Users/serhatakdeniz/Projects/gdemo/reading-is-good/target/surefire/surefirebooter16668257673608765251.jar /Users/serhatakdeniz/Projects/gdemo/reading-is-good/target/surefire 2021-12-08T00-27-00_213-jvmRun1 surefire11602178744312285553tmp surefire_04860434818515075202tmp"/>
    <property name="http.nonProxyHosts" value="local|*.local|169.254/16|*.169.254/16"/>
    <property name="jdk.debug" value="release"/>
    <property name="surefire.test.class.path" value="/Users/serhatakdeniz/Projects/gdemo/reading-is-good/target/test-classes:/Users/serhatakdeniz/Projects/gdemo/reading-is-good/target/classes:/Users/serhatakdeniz/.m2/repository/org/mockito/mockito-inline/4.1.0/mockito-inline-4.1.0.jar:/Users/serhatakdeniz/.m2/repository/org/mockito/mockito-core/4.0.0/mockito-core-4.0.0.jar:/Users/serhatakdeniz/.m2/repository/net/bytebuddy/byte-buddy/1.11.22/byte-buddy-1.11.22.jar:/Users/serhatakdeniz/.m2/repository/net/bytebuddy/byte-buddy-agent/1.11.22/byte-buddy-agent-1.11.22.jar:/Users/serhatakdeniz/.m2/repository/org/objenesis/objenesis/3.2/objenesis-3.2.jar:/Users/serhatakdeniz/.m2/repository/org/springframework/boot/spring-boot-configuration-processor/2.6.1/spring-boot-configuration-processor-2.6.1.jar:/Users/serhatakdeniz/.m2/repository/org/springframework/boot/spring-boot-starter-actuator/2.6.1/spring-boot-starter-actuator-2.6.1.jar:/Users/serhatakdeniz/.m2/repository/org/springframework/boot/spring-boot-starter/2.6.1/spring-boot-starter-2.6.1.jar:/Users/serhatakdeniz/.m2/repository/org/springframework/boot/spring-boot-starter-logging/2.6.1/spring-boot-starter-logging-2.6.1.jar:/Users/serhatakdeniz/.m2/repository/ch/qos/logback/logback-classic/1.2.7/logback-classic-1.2.7.jar:/Users/serhatakdeniz/.m2/repository/ch/qos/logback/logback-core/1.2.7/logback-core-1.2.7.jar:/Users/serhatakdeniz/.m2/repository/org/apache/logging/log4j/log4j-to-slf4j/2.14.1/log4j-to-slf4j-2.14.1.jar:/Users/serhatakdeniz/.m2/repository/org/apache/logging/log4j/log4j-api/2.14.1/log4j-api-2.14.1.jar:/Users/serhatakdeniz/.m2/repository/org/slf4j/jul-to-slf4j/1.7.32/jul-to-slf4j-1.7.32.jar:/Users/serhatakdeniz/.m2/repository/jakarta/annotation/jakarta.annotation-api/1.3.5/jakarta.annotation-api-1.3.5.jar:/Users/serhatakdeniz/.m2/repository/org/yaml/snakeyaml/1.29/snakeyaml-1.29.jar:/Users/serhatakdeniz/.m2/repository/org/springframework/boot/spring-boot-actuator-autoconfigure/2.6.1/spring-boot-actuator-autoconfigure-2.6.1.jar:/Users/serhatakdeniz/.m2/repository/org/springframework/boot/spring-boot-actuator/2.6.1/spring-boot-actuator-2.6.1.jar:/Users/serhatakdeniz/.m2/repository/com/fasterxml/jackson/datatype/jackson-datatype-jsr310/2.13.0/jackson-datatype-jsr310-2.13.0.jar:/Users/serhatakdeniz/.m2/repository/io/micrometer/micrometer-core/1.8.0/micrometer-core-1.8.0.jar:/Users/serhatakdeniz/.m2/repository/org/hdrhistogram/HdrHistogram/2.1.12/HdrHistogram-2.1.12.jar:/Users/serhatakdeniz/.m2/repository/org/latencyutils/LatencyUtils/2.0.3/LatencyUtils-2.0.3.jar:/Users/serhatakdeniz/.m2/repository/org/springframework/boot/spring-boot-starter-data-mongodb/2.6.1/spring-boot-starter-data-mongodb-2.6.1.jar:/Users/serhatakdeniz/.m2/repository/org/mongodb/mongodb-driver-sync/4.4.0/mongodb-driver-sync-4.4.0.jar:/Users/serhatakdeniz/.m2/repository/org/mongodb/bson/4.4.0/bson-4.4.0.jar:/Users/serhatakdeniz/.m2/repository/org/mongodb/mongodb-driver-core/4.4.0/mongodb-driver-core-4.4.0.jar:/Users/serhatakdeniz/.m2/repository/org/springframework/data/spring-data-mongodb/3.3.0/spring-data-mongodb-3.3.0.jar:/Users/serhatakdeniz/.m2/repository/org/springframework/spring-tx/5.3.13/spring-tx-5.3.13.jar:/Users/serhatakdeniz/.m2/repository/org/springframework/spring-context/5.3.13/spring-context-5.3.13.jar:/Users/serhatakdeniz/.m2/repository/org/springframework/spring-beans/5.3.13/spring-beans-5.3.13.jar:/Users/serhatakdeniz/.m2/repository/org/springframework/spring-expression/5.3.13/spring-expression-5.3.13.jar:/Users/serhatakdeniz/.m2/repository/org/springframework/data/spring-data-commons/2.6.0/spring-data-commons-2.6.0.jar:/Users/serhatakdeniz/.m2/repository/org/slf4j/slf4j-api/1.7.32/slf4j-api-1.7.32.jar:/Users/serhatakdeniz/.m2/repository/org/springframework/boot/spring-boot-starter-security/2.6.1/spring-boot-starter-security-2.6.1.jar:/Users/serhatakdeniz/.m2/repository/org/springframework/spring-aop/5.3.13/spring-aop-5.3.13.jar:/Users/serhatakdeniz/.m2/repository/org/springframework/security/spring-security-config/5.6.0/spring-security-config-5.6.0.jar:/Users/serhatakdeniz/.m2/repository/org/springframework/security/spring-security-web/5.6.0/spring-security-web-5.6.0.jar:/Users/serhatakdeniz/.m2/repository/io/jsonwebtoken/jjwt/0.9.1/jjwt-0.9.1.jar:/Users/serhatakdeniz/.m2/repository/com/fasterxml/jackson/core/jackson-databind/2.13.0/jackson-databind-2.13.0.jar:/Users/serhatakdeniz/.m2/repository/com/fasterxml/jackson/core/jackson-annotations/2.13.0/jackson-annotations-2.13.0.jar:/Users/serhatakdeniz/.m2/repository/com/fasterxml/jackson/core/jackson-core/2.13.0/jackson-core-2.13.0.jar:/Users/serhatakdeniz/.m2/repository/org/springframework/boot/spring-boot-starter-web/2.6.1/spring-boot-starter-web-2.6.1.jar:/Users/serhatakdeniz/.m2/repository/org/springframework/boot/spring-boot-starter-json/2.6.1/spring-boot-starter-json-2.6.1.jar:/Users/serhatakdeniz/.m2/repository/com/fasterxml/jackson/datatype/jackson-datatype-jdk8/2.13.0/jackson-datatype-jdk8-2.13.0.jar:/Users/serhatakdeniz/.m2/repository/com/fasterxml/jackson/module/jackson-module-parameter-names/2.13.0/jackson-module-parameter-names-2.13.0.jar:/Users/serhatakdeniz/.m2/repository/org/springframework/boot/spring-boot-starter-tomcat/2.6.1/spring-boot-starter-tomcat-2.6.1.jar:/Users/serhatakdeniz/.m2/repository/org/apache/tomcat/embed/tomcat-embed-core/9.0.55/tomcat-embed-core-9.0.55.jar:/Users/serhatakdeniz/.m2/repository/org/apache/tomcat/embed/tomcat-embed-websocket/9.0.55/tomcat-embed-websocket-9.0.55.jar:/Users/serhatakdeniz/.m2/repository/org/springframework/spring-web/5.3.13/spring-web-5.3.13.jar:/Users/serhatakdeniz/.m2/repository/org/springframework/spring-webmvc/5.3.13/spring-webmvc-5.3.13.jar:/Users/serhatakdeniz/.m2/repository/org/springframework/boot/spring-boot-devtools/2.6.1/spring-boot-devtools-2.6.1.jar:/Users/serhatakdeniz/.m2/repository/org/springframework/boot/spring-boot/2.6.1/spring-boot-2.6.1.jar:/Users/serhatakdeniz/.m2/repository/org/springframework/boot/spring-boot-autoconfigure/2.6.1/spring-boot-autoconfigure-2.6.1.jar:/Users/serhatakdeniz/.m2/repository/org/springframework/boot/spring-boot-starter-validation/2.6.1/spring-boot-starter-validation-2.6.1.jar:/Users/serhatakdeniz/.m2/repository/org/apache/tomcat/embed/tomcat-embed-el/9.0.55/tomcat-embed-el-9.0.55.jar:/Users/serhatakdeniz/.m2/repository/org/hibernate/validator/hibernate-validator/6.2.0.Final/hibernate-validator-6.2.0.Final.jar:/Users/serhatakdeniz/.m2/repository/jakarta/validation/jakarta.validation-api/2.0.2/jakarta.validation-api-2.0.2.jar:/Users/serhatakdeniz/.m2/repository/org/jboss/logging/jboss-logging/3.4.2.Final/jboss-logging-3.4.2.Final.jar:/Users/serhatakdeniz/.m2/repository/com/fasterxml/classmate/1.5.1/classmate-1.5.1.jar:/Users/serhatakdeniz/.m2/repository/org/projectlombok/lombok/1.18.22/lombok-1.18.22.jar:/Users/serhatakdeniz/.m2/repository/org/springframework/boot/spring-boot-starter-test/2.6.1/spring-boot-starter-test-2.6.1.jar:/Users/serhatakdeniz/.m2/repository/org/springframework/boot/spring-boot-test/2.6.1/spring-boot-test-2.6.1.jar:/Users/serhatakdeniz/.m2/repository/org/springframework/boot/spring-boot-test-autoconfigure/2.6.1/spring-boot-test-autoconfigure-2.6.1.jar:/Users/serhatakdeniz/.m2/repository/com/jayway/jsonpath/json-path/2.6.0/json-path-2.6.0.jar:/Users/serhatakdeniz/.m2/repository/net/minidev/json-smart/2.4.7/json-smart-2.4.7.jar:/Users/serhatakdeniz/.m2/repository/net/minidev/accessors-smart/2.4.7/accessors-smart-2.4.7.jar:/Users/serhatakdeniz/.m2/repository/org/ow2/asm/asm/9.1/asm-9.1.jar:/Users/serhatakdeniz/.m2/repository/jakarta/xml/bind/jakarta.xml.bind-api/2.3.3/jakarta.xml.bind-api-2.3.3.jar:/Users/serhatakdeniz/.m2/repository/jakarta/activation/jakarta.activation-api/1.2.2/jakarta.activation-api-1.2.2.jar:/Users/serhatakdeniz/.m2/repository/org/assertj/assertj-core/3.21.0/assertj-core-3.21.0.jar:/Users/serhatakdeniz/.m2/repository/org/hamcrest/hamcrest/2.2/hamcrest-2.2.jar:/Users/serhatakdeniz/.m2/repository/org/junit/jupiter/junit-jupiter/5.8.1/junit-jupiter-5.8.1.jar:/Users/serhatakdeniz/.m2/repository/org/junit/jupiter/junit-jupiter-api/5.8.1/junit-jupiter-api-5.8.1.jar:/Users/serhatakdeniz/.m2/repository/org/opentest4j/opentest4j/1.2.0/opentest4j-1.2.0.jar:/Users/serhatakdeniz/.m2/repository/org/junit/platform/junit-platform-commons/1.8.1/junit-platform-commons-1.8.1.jar:/Users/serhatakdeniz/.m2/repository/org/apiguardian/apiguardian-api/1.1.2/apiguardian-api-1.1.2.jar:/Users/serhatakdeniz/.m2/repository/org/junit/jupiter/junit-jupiter-params/5.8.1/junit-jupiter-params-5.8.1.jar:/Users/serhatakdeniz/.m2/repository/org/junit/jupiter/junit-jupiter-engine/5.8.1/junit-jupiter-engine-5.8.1.jar:/Users/serhatakdeniz/.m2/repository/org/junit/platform/junit-platform-engine/1.8.1/junit-platform-engine-1.8.1.jar:/Users/serhatakdeniz/.m2/repository/org/mockito/mockito-junit-jupiter/4.0.0/mockito-junit-jupiter-4.0.0.jar:/Users/serhatakdeniz/.m2/repository/org/skyscreamer/jsonassert/1.5.0/jsonassert-1.5.0.jar:/Users/serhatakdeniz/.m2/repository/com/vaadin/external/google/android-json/0.0.20131108.vaadin1/android-json-0.0.20131108.vaadin1.jar:/Users/serhatakdeniz/.m2/repository/org/springframework/spring-core/5.3.13/spring-core-5.3.13.jar:/Users/serhatakdeniz/.m2/repository/org/springframework/spring-jcl/5.3.13/spring-jcl-5.3.13.jar:/Users/serhatakdeniz/.m2/repository/org/springframework/spring-test/5.3.13/spring-test-5.3.13.jar:/Users/serhatakdeniz/.m2/repository/org/xmlunit/xmlunit-core/2.8.3/xmlunit-core-2.8.3.jar:/Users/serhatakdeniz/.m2/repository/org/springframework/security/spring-security-test/5.6.0/spring-security-test-5.6.0.jar:/Users/serhatakdeniz/.m2/repository/org/springframework/security/spring-security-core/5.6.0/spring-security-core-5.6.0.jar:/Users/serhatakdeniz/.m2/repository/org/springframework/security/spring-security-crypto/5.6.0/spring-security-crypto-5.6.0.jar:/Users/serhatakdeniz/.m2/repository/org/springdoc/springdoc-openapi-ui/1.5.12/springdoc-openapi-ui-1.5.12.jar:/Users/serhatakdeniz/.m2/repository/org/springdoc/springdoc-openapi-webmvc-core/1.5.12/springdoc-openapi-webmvc-core-1.5.12.jar:/Users/serhatakdeniz/.m2/repository/org/springdoc/springdoc-openapi-common/1.5.12/springdoc-openapi-common-1.5.12.jar:/Users/serhatakdeniz/.m2/repository/io/swagger/core/v3/swagger-models/2.1.11/swagger-models-2.1.11.jar:/Users/serhatakdeniz/.m2/repository/io/swagger/core/v3/swagger-annotations/2.1.11/swagger-annotations-2.1.11.jar:/Users/serhatakdeniz/.m2/repository/io/swagger/core/v3/swagger-integration/2.1.11/swagger-integration-2.1.11.jar:/Users/serhatakdeniz/.m2/repository/io/swagger/core/v3/swagger-core/2.1.11/swagger-core-2.1.11.jar:/Users/serhatakdeniz/.m2/repository/com/fasterxml/jackson/dataformat/jackson-dataformat-yaml/2.13.0/jackson-dataformat-yaml-2.13.0.jar:/Users/serhatakdeniz/.m2/repository/io/github/classgraph/classgraph/4.8.116/classgraph-4.8.116.jar:/Users/serhatakdeniz/.m2/repository/org/apache/commons/commons-lang3/3.12.0/commons-lang3-3.12.0.jar:/Users/serhatakdeniz/.m2/repository/org/webjars/swagger-ui/3.52.5/swagger-ui-3.52.5.jar:/Users/serhatakdeniz/.m2/repository/org/webjars/webjars-locator-core/0.48/webjars-locator-core-0.48.jar:/Users/serhatakdeniz/.m2/repository/org/modelmapper/modelmapper/2.3.5/modelmapper-2.3.5.jar:"/>
    <property name="sun.cpu.endian" value="little"/>
    <property name="user.home" value="/Users/serhatakdeniz"/>
    <property name="user.language" value="en"/>
    <property name="java.specification.vendor" value="Oracle Corporation"/>
    <property name="java.version.date" value="2021-04-20"/>
    <property name="java.home" value="/Users/serhatakdeniz/Library/Java/JavaVirtualMachines/adopt-openjdk-11.0.11/Contents/Home"/>
    <property name="file.separator" value="/"/>
    <property name="basedir" value="/Users/serhatakdeniz/Projects/gdemo/reading-is-good"/>
    <property name="java.vm.compressedOopsMode" value="Zero based"/>
    <property name="line.separator" value="&#10;"/>
    <property name="java.specification.name" value="Java Platform API Specification"/>
    <property name="java.vm.specification.vendor" value="Oracle Corporation"/>
    <property name="java.awt.graphicsenv" value="sun.awt.CGraphicsEnvironment"/>
    <property name="surefire.real.class.path" value="/Users/serhatakdeniz/Projects/gdemo/reading-is-good/target/surefire/surefirebooter16668257673608765251.jar"/>
    <property name="sun.management.compiler" value="HotSpot 64-Bit Tiered Compilers"/>
    <property name="ftp.nonProxyHosts" value="local|*.local|169.254/16|*.169.254/16"/>
    <property name="java.runtime.version" value="11.0.11+9"/>
    <property name="user.name" value="serhatakdeniz"/>
    <property name="path.separator" value=":"/>
    <property name="os.version" value="11.5"/>
    <property name="java.runtime.name" value="OpenJDK Runtime Environment"/>
    <property name="file.encoding" value="UTF-8"/>
    <property name="java.vm.name" value="OpenJDK 64-Bit Server VM"/>
    <property name="java.vendor.version" value="AdoptOpenJDK-11.0.11+9"/>
    <property name="localRepository" value="/Users/serhatakdeniz/.m2/repository"/>
    <property name="java.vendor.url.bug" value="https://github.com/AdoptOpenJDK/openjdk-support/issues"/>
    <property name="java.io.tmpdir" value="/var/folders/sf/8sljg0sx4m17krw2k5j6_ww80000gn/T/"/>
    <property name="idea.version" value="2021.2.3"/>
    <property name="java.version" value="11.0.11"/>
    <property name="user.dir" value="/Users/serhatakdeniz/Projects/gdemo/reading-is-good"/>
    <property name="os.arch" value="x86_64"/>
    <property name="java.vm.specification.name" value="Java Virtual Machine Specification"/>
    <property name="java.awt.printerjob" value="sun.lwawt.macosx.CPrinterJob"/>
    <property name="sun.os.patch.level" value="unknown"/>
    <property name="java.library.path" value="/Users/serhatakdeniz/Library/Java/Extensions:/Library/Java/Extensions:/Network/Library/Java/Extensions:/System/Library/Java/Extensions:/usr/lib/java:."/>
    <property name="java.vm.info" value="mixed mode"/>
    <property name="java.vendor" value="AdoptOpenJDK"/>
    <property name="java.vm.version" value="11.0.11+9"/>
    <property name="sun.io.unicode.encoding" value="UnicodeBig"/>
    <property name="java.class.version" value="55.0"/>
    <property name="socksNonProxyHosts" value="local|*.local|169.254/16|*.169.254/16"/>
  </properties>
  <testcase name="it_should_add_new_book" classname="com.example.readingisgood.services.BookServiceTest" time="0.075"/>
  <testcase name="it_should_update_stock" classname="com.example.readingisgood.services.BookServiceTest" time="0.004"/>
  <testcase name="it_should_throw_book_not_found_exception_on_updating_stock" classname="com.example.readingisgood.services.BookServiceTest" time="0.003"/>
  <testcase name="it_should_throw_book_already_exists_exception" classname="com.example.readingisgood.services.BookServiceTest" time="0.003"/>
  <testcase name="it_should_get_given_isbn_book" classname="com.example.readingisgood.services.BookServiceTest" time="0.006"/>
  <testcase name="it_should_throw_book_not_found_exception_while_getting_a_book" classname="com.example.readingisgood.services.BookServiceTest" time="0.003"/>
  <testcase name="it_should_return_all_books" classname="com.example.readingisgood.services.BookServiceTest" time="0.005"/>
</testsuite>